  FileManager.cpp
C:\Users\jessi\Desktop\3rd year\Game Engines\Engines-Assignment-1\Native_C++\Tutorial2\FileManager.h(41,21): warning C4251:  'FileManager::write': class 'std::basic_ofstream<char,std::char_traits<char>>' needs to have dll-interface to be used by clients of class 'FileManager'
C:\Program Files (x86)\Microsoft Visual Studio\2019\Enterprise\VC\Tools\MSVC\14.22.27905\include\iosfwd(224): message :  see declaration of 'std::basic_ofstream<char,std::char_traits<char>>'
C:\Users\jessi\Desktop\3rd year\Game Engines\Engines-Assignment-1\Native_C++\Tutorial2\FileManager.h(42,20): warning C4251:  'FileManager::read': class 'std::basic_ifstream<char,std::char_traits<char>>' needs to have dll-interface to be used by clients of class 'FileManager'
  main.cpp
C:\Program Files (x86)\Microsoft Visual Studio\2019\Enterprise\VC\Tools\MSVC\14.22.27905\include\iosfwd(223): message :  see declaration of 'std::basic_ifstream<char,std::char_traits<char>>'
C:\Users\jessi\Desktop\3rd year\Game Engines\Engines-Assignment-1\Native_C++\Tutorial2\FileManager.h(41,21): warning C4251:  'FileManager::write': class 'std::basic_ofstream<char,std::char_traits<char>>' needs to have dll-interface to be used by clients of class 'FileManager'
C:\Program Files (x86)\Microsoft Visual Studio\2019\Enterprise\VC\Tools\MSVC\14.22.27905\include\iosfwd(224): message :  see declaration of 'std::basic_ofstream<char,std::char_traits<char>>'
C:\Users\jessi\Desktop\3rd year\Game Engines\Engines-Assignment-1\Native_C++\Tutorial2\FileManager.h(42,20): warning C4251:  'FileManager::read': class 'std::basic_ifstream<char,std::char_traits<char>>' needs to have dll-interface to be used by clients of class 'FileManager'
  SimpleClass.cpp
C:\Program Files (x86)\Microsoft Visual Studio\2019\Enterprise\VC\Tools\MSVC\14.22.27905\include\iosfwd(223): message :  see declaration of 'std::basic_ifstream<char,std::char_traits<char>>'
C:\Users\jessi\Desktop\3rd year\Game Engines\Engines-Assignment-1\Native_C++\Tutorial2\FileManager.h(41,21): warning C4251:  'FileManager::write': class 'std::basic_ofstream<char,std::char_traits<char>>' needs to have dll-interface to be used by clients of class 'FileManager'
C:\Program Files (x86)\Microsoft Visual Studio\2019\Enterprise\VC\Tools\MSVC\14.22.27905\include\iosfwd(224): message :  see declaration of 'std::basic_ofstream<char,std::char_traits<char>>'
C:\Users\jessi\Desktop\3rd year\Game Engines\Engines-Assignment-1\Native_C++\Tutorial2\FileManager.h(42,20): warning C4251:  'FileManager::read': class 'std::basic_ifstream<char,std::char_traits<char>>' needs to have dll-interface to be used by clients of class 'FileManager'
  Wrapper.cpp
C:\Program Files (x86)\Microsoft Visual Studio\2019\Enterprise\VC\Tools\MSVC\14.22.27905\include\iosfwd(223): message :  see declaration of 'std::basic_ifstream<char,std::char_traits<char>>'
C:\Users\jessi\Desktop\3rd year\Game Engines\Engines-Assignment-1\Native_C++\Tutorial2\FileManager.h(41,21): warning C4251:  'FileManager::write': class 'std::basic_ofstream<char,std::char_traits<char>>' needs to have dll-interface to be used by clients of class 'FileManager'
C:\Program Files (x86)\Microsoft Visual Studio\2019\Enterprise\VC\Tools\MSVC\14.22.27905\include\iosfwd(224): message :  see declaration of 'std::basic_ofstream<char,std::char_traits<char>>'
C:\Users\jessi\Desktop\3rd year\Game Engines\Engines-Assignment-1\Native_C++\Tutorial2\FileManager.h(42,20): warning C4251:  'FileManager::read': class 'std::basic_ifstream<char,std::char_traits<char>>' needs to have dll-interface to be used by clients of class 'FileManager'
  Generating Code...
C:\Program Files (x86)\Microsoft Visual Studio\2019\Enterprise\VC\Tools\MSVC\14.22.27905\include\iosfwd(223): message :  see declaration of 'std::basic_ifstream<char,std::char_traits<char>>'
     Creating library C:\Users\jessi\Desktop\3rd year\Game Engines\Engines-Assignment-1\Native_C++\x64\Debug\Tutorial2.lib and object C:\Users\jessi\Desktop\3rd year\Game Engines\Engines-Assignment-1\Native_C++\x64\Debug\Tutorial2.exp
  Tutorial2.vcxproj -> C:\Users\jessi\Desktop\3rd year\Game Engines\Engines-Assignment-1\Native_C++\x64\Debug\Tutorial2.dll
