  FileManager.cpp
C:\Users\Gil\Desktop\Job Stuff\Research Assistant\Projects\Repo\Research\Native_C++\Tutorial2\FileManager.h(57,21): warning C4251: 'FileManager::write': class 'std::basic_ofstream<char,std::char_traits<char>>' needs to have dll-interface to be used by clients of class 'FileManager'
C:\Program Files (x86)\Microsoft Visual Studio\2019\Enterprise\VC\Tools\MSVC\14.24.28314\include\iosfwd(225): message : see declaration of 'std::basic_ofstream<char,std::char_traits<char>>'
C:\Users\Gil\Desktop\Job Stuff\Research Assistant\Projects\Repo\Research\Native_C++\Tutorial2\FileManager.h(58,20): warning C4251: 'FileManager::read': class 'std::basic_ifstream<char,std::char_traits<char>>' needs to have dll-interface to be used by clients of class 'FileManager'
C:\Program Files (x86)\Microsoft Visual Studio\2019\Enterprise\VC\Tools\MSVC\14.24.28314\include\iosfwd(224): message : see declaration of 'std::basic_ifstream<char,std::char_traits<char>>'
  SimpleClass.cpp
C:\Users\Gil\Desktop\Job Stuff\Research Assistant\Projects\Repo\Research\Native_C++\Tutorial2\FileManager.h(57,21): warning C4251: 'FileManager::write': class 'std::basic_ofstream<char,std::char_traits<char>>' needs to have dll-interface to be used by clients of class 'FileManager'
C:\Program Files (x86)\Microsoft Visual Studio\2019\Enterprise\VC\Tools\MSVC\14.24.28314\include\iosfwd(225): message : see declaration of 'std::basic_ofstream<char,std::char_traits<char>>'
C:\Users\Gil\Desktop\Job Stuff\Research Assistant\Projects\Repo\Research\Native_C++\Tutorial2\FileManager.h(58,20): warning C4251: 'FileManager::read': class 'std::basic_ifstream<char,std::char_traits<char>>' needs to have dll-interface to be used by clients of class 'FileManager'
C:\Program Files (x86)\Microsoft Visual Studio\2019\Enterprise\VC\Tools\MSVC\14.24.28314\include\iosfwd(224): message : see declaration of 'std::basic_ifstream<char,std::char_traits<char>>'
  Wrapper.cpp
C:\Users\Gil\Desktop\Job Stuff\Research Assistant\Projects\Repo\Research\Native_C++\Tutorial2\FileManager.h(57,21): warning C4251: 'FileManager::write': class 'std::basic_ofstream<char,std::char_traits<char>>' needs to have dll-interface to be used by clients of class 'FileManager'
C:\Program Files (x86)\Microsoft Visual Studio\2019\Enterprise\VC\Tools\MSVC\14.24.28314\include\iosfwd(225): message : see declaration of 'std::basic_ofstream<char,std::char_traits<char>>'
C:\Users\Gil\Desktop\Job Stuff\Research Assistant\Projects\Repo\Research\Native_C++\Tutorial2\FileManager.h(58,20): warning C4251: 'FileManager::read': class 'std::basic_ifstream<char,std::char_traits<char>>' needs to have dll-interface to be used by clients of class 'FileManager'
C:\Program Files (x86)\Microsoft Visual Studio\2019\Enterprise\VC\Tools\MSVC\14.24.28314\include\iosfwd(224): message : see declaration of 'std::basic_ifstream<char,std::char_traits<char>>'
  main.cpp
C:\Users\Gil\Desktop\Job Stuff\Research Assistant\Projects\Repo\Research\Native_C++\Tutorial2\FileManager.h(57,21): warning C4251: 'FileManager::write': class 'std::basic_ofstream<char,std::char_traits<char>>' needs to have dll-interface to be used by clients of class 'FileManager'
C:\Program Files (x86)\Microsoft Visual Studio\2019\Enterprise\VC\Tools\MSVC\14.24.28314\include\iosfwd(225): message : see declaration of 'std::basic_ofstream<char,std::char_traits<char>>'
C:\Users\Gil\Desktop\Job Stuff\Research Assistant\Projects\Repo\Research\Native_C++\Tutorial2\FileManager.h(58,20): warning C4251: 'FileManager::read': class 'std::basic_ifstream<char,std::char_traits<char>>' needs to have dll-interface to be used by clients of class 'FileManager'
C:\Program Files (x86)\Microsoft Visual Studio\2019\Enterprise\VC\Tools\MSVC\14.24.28314\include\iosfwd(224): message : see declaration of 'std::basic_ifstream<char,std::char_traits<char>>'
C:\Users\Gil\Desktop\Job Stuff\Research Assistant\Projects\Repo\Research\Native_C++\Tutorial2\main.cpp(8,1): warning C4326: return type of 'main' should be 'int' instead of 'void'
     Creating library C:\Users\Gil\Desktop\Job Stuff\Research Assistant\Projects\Repo\Research\Native_C++\x64\Release\Tutorial2.lib and object C:\Users\Gil\Desktop\Job Stuff\Research Assistant\Projects\Repo\Research\Native_C++\x64\Release\Tutorial2.exp
  Generating code
  13 of 225 functions ( 5.8%) were compiled, the rest were copied from previous compilation.
    3 functions were new in current compilation
    1 functions had inline decision re-evaluated but remain unchanged
  Finished generating code
  Tutorial2.vcxproj -> C:\Users\Gil\Desktop\Job Stuff\Research Assistant\Projects\Repo\Research\Native_C++\x64\Release\Tutorial2.dll
